{"D:\\RevoU-Barcelona 2023\\Week_14\\week-14-Kartikancil96\\src\\Hooks\\UseCheckLogin.ts": {"path":"D:\\RevoU-Barcelona 2023\\Week_14\\week-14-Kartikancil96\\src\\Hooks\\UseCheckLogin.ts","statementMap":{"0":{"start":{"line":4,"column":22},"end":{"line":16,"column":1}},"1":{"start":{"line":5,"column":21},"end":{"line":5,"column":34}},"2":{"start":{"line":7,"column":21},"end":{"line":11,"column":23}},"3":{"start":{"line":8,"column":4},"end":{"line":10,"column":5}},"4":{"start":{"line":9,"column":6},"end":{"line":9,"column":20}},"5":{"start":{"line":13,"column":2},"end":{"line":15,"column":19}},"6":{"start":{"line":14,"column":4},"end":{"line":14,"column":17}}},"fnMap":{"0":{"name":"(anonymous_0)","decl":{"start":{"line":4,"column":22},"end":{"line":4,"column":23}},"loc":{"start":{"line":4,"column":48},"end":{"line":16,"column":1}},"line":4},"1":{"name":"(anonymous_1)","decl":{"start":{"line":7,"column":33},"end":{"line":7,"column":34}},"loc":{"start":{"line":7,"column":39},"end":{"line":11,"column":3}},"line":7},"2":{"name":"(anonymous_2)","decl":{"start":{"line":13,"column":12},"end":{"line":13,"column":13}},"loc":{"start":{"line":13,"column":18},"end":{"line":15,"column":3}},"line":13}},"branchMap":{"0":{"loc":{"start":{"line":8,"column":4},"end":{"line":10,"column":5}},"type":"if","locations":[{"start":{"line":8,"column":4},"end":{"line":10,"column":5}},{"start":{},"end":{}}],"line":8}},"s":{"0":4,"1":10,"2":10,"3":9,"4":7,"5":10,"6":9},"f":{"0":10,"1":9,"2":9},"b":{"0":[7,2]},"_coverageSchema":"1a1c01bbd47fc00a2c39e90264f33305004495a9","hash":"94d091a0f8434ed9f573c5ba7f1bdff7ca719a8f"}
,"D:\\RevoU-Barcelona 2023\\Week_14\\week-14-Kartikancil96\\src\\Hooks\\index.ts": {"path":"D:\\RevoU-Barcelona 2023\\Week_14\\week-14-Kartikancil96\\src\\Hooks\\index.ts","statementMap":{},"fnMap":{},"branchMap":{},"s":{},"f":{},"b":{},"_coverageSchema":"1a1c01bbd47fc00a2c39e90264f33305004495a9","hash":"3568574521fe1b60a09111819ba2bd04847cd128"}
,"D:\\RevoU-Barcelona 2023\\Week_14\\week-14-Kartikancil96\\src\\Layout\\Footer\\index.tsx": {"path":"D:\\RevoU-Barcelona 2023\\Week_14\\week-14-Kartikancil96\\src\\Layout\\Footer\\index.tsx","statementMap":{"0":{"start":{"line":5,"column":19},"end":{"line":5,"column":25}},"1":{"start":{"line":7,"column":28},"end":{"line":13,"column":1}},"2":{"start":{"line":8,"column":2},"end":{"line":12,"column":4}}},"fnMap":{"0":{"name":"(anonymous_0)","decl":{"start":{"line":7,"column":28},"end":{"line":7,"column":29}},"loc":{"start":{"line":7,"column":34},"end":{"line":13,"column":1}},"line":7}},"branchMap":{},"s":{"0":1,"1":1,"2":1},"f":{"0":1},"b":{},"_coverageSchema":"1a1c01bbd47fc00a2c39e90264f33305004495a9","hash":"4f77ba1b523cd2b5497f917adf3b852b1ca19103"}
,"D:\\RevoU-Barcelona 2023\\Week_14\\week-14-Kartikancil96\\src\\Layout\\Navbar\\index.tsx": {"path":"D:\\RevoU-Barcelona 2023\\Week_14\\week-14-Kartikancil96\\src\\Layout\\Navbar\\index.tsx","statementMap":{"0":{"start":{"line":8,"column":25},"end":{"line":53,"column":1}},"1":{"start":{"line":9,"column":32},"end":{"line":9,"column":48}},"2":{"start":{"line":10,"column":19},"end":{"line":10,"column":32}},"3":{"start":{"line":11,"column":23},"end":{"line":14,"column":3}},"4":{"start":{"line":12,"column":4},"end":{"line":12,"column":36}},"5":{"start":{"line":13,"column":4},"end":{"line":13,"column":17}},"6":{"start":{"line":16,"column":41},"end":{"line":19,"column":3}},"7":{"start":{"line":17,"column":4},"end":{"line":17,"column":29}},"8":{"start":{"line":18,"column":4},"end":{"line":18,"column":22}},"9":{"start":{"line":21,"column":36},"end":{"line":48,"column":3}},"10":{"start":{"line":24,"column":32},"end":{"line":24,"column":48}},"11":{"start":{"line":33,"column":26},"end":{"line":33,"column":50}},"12":{"start":{"line":50,"column":2},"end":{"line":52,"column":12}}},"fnMap":{"0":{"name":"(anonymous_0)","decl":{"start":{"line":8,"column":25},"end":{"line":8,"column":26}},"loc":{"start":{"line":8,"column":31},"end":{"line":53,"column":1}},"line":8},"1":{"name":"(anonymous_1)","decl":{"start":{"line":11,"column":23},"end":{"line":11,"column":24}},"loc":{"start":{"line":11,"column":29},"end":{"line":14,"column":3}},"line":11},"2":{"name":"(anonymous_2)","decl":{"start":{"line":16,"column":41},"end":{"line":16,"column":42}},"loc":{"start":{"line":16,"column":48},"end":{"line":19,"column":3}},"line":16},"3":{"name":"(anonymous_3)","decl":{"start":{"line":24,"column":26},"end":{"line":24,"column":27}},"loc":{"start":{"line":24,"column":32},"end":{"line":24,"column":48}},"line":24},"4":{"name":"(anonymous_4)","decl":{"start":{"line":33,"column":20},"end":{"line":33,"column":21}},"loc":{"start":{"line":33,"column":26},"end":{"line":33,"column":50}},"line":33}},"branchMap":{},"s":{"0":1,"1":4,"2":3,"3":3,"4":1,"5":1,"6":3,"7":1,"8":1,"9":3,"10":0,"11":0,"12":3},"f":{"0":4,"1":1,"2":1,"3":0,"4":0},"b":{},"_coverageSchema":"1a1c01bbd47fc00a2c39e90264f33305004495a9","hash":"3b20ec0081f6cd56b63b6812f3919d6df6e7706a"}
,"D:\\RevoU-Barcelona 2023\\Week_14\\week-14-Kartikancil96\\src\\Pages\\Addtable\\index.tsx": {"path":"D:\\RevoU-Barcelona 2023\\Week_14\\week-14-Kartikancil96\\src\\Pages\\Addtable\\index.tsx","statementMap":{"0":{"start":{"line":18,"column":18},"end":{"line":21,"column":2}},"1":{"start":{"line":23,"column":27},"end":{"line":99,"column":1}},"2":{"start":{"line":24,"column":21},"end":{"line":24,"column":34}},"3":{"start":{"line":25,"column":18},"end":{"line":25,"column":47}},"4":{"start":{"line":26,"column":4},"end":{"line":26,"column":24}},"5":{"start":{"line":27,"column":26},"end":{"line":43,"column":5}},"6":{"start":{"line":28,"column":8},"end":{"line":28,"column":27}},"7":{"start":{"line":29,"column":25},"end":{"line":36,"column":10}},"8":{"start":{"line":37,"column":25},"end":{"line":37,"column":46}},"9":{"start":{"line":38,"column":8},"end":{"line":38,"column":29}},"10":{"start":{"line":39,"column":8},"end":{"line":42,"column":9}},"11":{"start":{"line":41,"column":12},"end":{"line":41,"column":29}},"12":{"start":{"line":44,"column":26},"end":{"line":47,"column":5}},"13":{"start":{"line":48,"column":19},"end":{"line":52,"column":6}},"14":{"start":{"line":54,"column":4},"end":{"line":98,"column":5}},"15":{"start":{"line":91,"column":66},"end":{"line":91,"column":83}}},"fnMap":{"0":{"name":"(anonymous_0)","decl":{"start":{"line":23,"column":27},"end":{"line":23,"column":28}},"loc":{"start":{"line":23,"column":33},"end":{"line":99,"column":1}},"line":23},"1":{"name":"(anonymous_1)","decl":{"start":{"line":27,"column":26},"end":{"line":27,"column":27}},"loc":{"start":{"line":27,"column":55},"end":{"line":43,"column":5}},"line":27},"2":{"name":"(anonymous_2)","decl":{"start":{"line":91,"column":60},"end":{"line":91,"column":61}},"loc":{"start":{"line":91,"column":66},"end":{"line":91,"column":83}},"line":91}},"branchMap":{"0":{"loc":{"start":{"line":39,"column":8},"end":{"line":42,"column":9}},"type":"if","locations":[{"start":{"line":39,"column":8},"end":{"line":42,"column":9}},{"start":{},"end":{}}],"line":39},"1":{"loc":{"start":{"line":63,"column":40},"end":{"line":63,"column":103}},"type":"cond-expr","locations":[{"start":{"line":63,"column":84},"end":{"line":63,"column":91}},{"start":{"line":63,"column":94},"end":{"line":63,"column":103}}],"line":63},"2":{"loc":{"start":{"line":63,"column":40},"end":{"line":63,"column":81}},"type":"binary-expr","locations":[{"start":{"line":63,"column":40},"end":{"line":63,"column":59}},{"start":{"line":63,"column":63},"end":{"line":63,"column":81}}],"line":63},"3":{"loc":{"start":{"line":64,"column":30},"end":{"line":64,"column":97}},"type":"cond-expr","locations":[{"start":{"line":64,"column":74},"end":{"line":64,"column":92}},{"start":{"line":64,"column":95},"end":{"line":64,"column":97}}],"line":64},"4":{"loc":{"start":{"line":64,"column":30},"end":{"line":64,"column":71}},"type":"binary-expr","locations":[{"start":{"line":64,"column":30},"end":{"line":64,"column":49}},{"start":{"line":64,"column":53},"end":{"line":64,"column":71}}],"line":64},"5":{"loc":{"start":{"line":70,"column":36},"end":{"line":70,"column":65}},"type":"binary-expr","locations":[{"start":{"line":70,"column":36},"end":{"line":70,"column":54}},{"start":{"line":70,"column":58},"end":{"line":70,"column":65}}],"line":70},"6":{"loc":{"start":{"line":74,"column":40},"end":{"line":74,"column":103}},"type":"cond-expr","locations":[{"start":{"line":74,"column":84},"end":{"line":74,"column":91}},{"start":{"line":74,"column":94},"end":{"line":74,"column":103}}],"line":74},"7":{"loc":{"start":{"line":74,"column":40},"end":{"line":74,"column":81}},"type":"binary-expr","locations":[{"start":{"line":74,"column":40},"end":{"line":74,"column":59}},{"start":{"line":74,"column":63},"end":{"line":74,"column":81}}],"line":74},"8":{"loc":{"start":{"line":75,"column":30},"end":{"line":75,"column":112}},"type":"cond-expr","locations":[{"start":{"line":75,"column":84},"end":{"line":75,"column":107}},{"start":{"line":75,"column":110},"end":{"line":75,"column":112}}],"line":75},"9":{"loc":{"start":{"line":75,"column":30},"end":{"line":75,"column":81}},"type":"binary-expr","locations":[{"start":{"line":75,"column":30},"end":{"line":75,"column":54}},{"start":{"line":75,"column":58},"end":{"line":75,"column":81}}],"line":75}},"s":{"0":1,"1":1,"2":9,"3":0,"4":0,"5":0,"6":0,"7":0,"8":0,"9":0,"10":0,"11":0,"12":0,"13":0,"14":0,"15":0},"f":{"0":9,"1":0,"2":0},"b":{"0":[0,0],"1":[0,0],"2":[0,0],"3":[0,0],"4":[0,0],"5":[0,0],"6":[0,0],"7":[0,0],"8":[0,0],"9":[0,0]},"_coverageSchema":"1a1c01bbd47fc00a2c39e90264f33305004495a9","hash":"e80221d4e07288281f3df4ee3753e38262ade11b"}
,"D:\\RevoU-Barcelona 2023\\Week_14\\week-14-Kartikancil96\\src\\Pages\\Edittable\\index.tsx": {"path":"D:\\RevoU-Barcelona 2023\\Week_14\\week-14-Kartikancil96\\src\\Pages\\Edittable\\index.tsx","statementMap":{"0":{"start":{"line":16,"column":19},"end":{"line":19,"column":2}},"1":{"start":{"line":21,"column":28},"end":{"line":95,"column":1}},"2":{"start":{"line":22,"column":19},"end":{"line":22,"column":32}},"3":{"start":{"line":23,"column":16},"end":{"line":23,"column":45}},"4":{"start":{"line":24,"column":2},"end":{"line":24,"column":22}},"5":{"start":{"line":25,"column":17},"end":{"line":25,"column":28}},"6":{"start":{"line":26,"column":21},"end":{"line":39,"column":3}},"7":{"start":{"line":27,"column":4},"end":{"line":27,"column":23}},"8":{"start":{"line":28,"column":21},"end":{"line":35,"column":6}},"9":{"start":{"line":36,"column":4},"end":{"line":36,"column":25}},"10":{"start":{"line":37,"column":4},"end":{"line":37,"column":21}},"11":{"start":{"line":40,"column":24},"end":{"line":44,"column":3}},"12":{"start":{"line":45,"column":17},"end":{"line":49,"column":4}},"13":{"start":{"line":51,"column":2},"end":{"line":94,"column":3}},"14":{"start":{"line":87,"column":52},"end":{"line":87,"column":69}}},"fnMap":{"0":{"name":"(anonymous_0)","decl":{"start":{"line":21,"column":28},"end":{"line":21,"column":29}},"loc":{"start":{"line":21,"column":34},"end":{"line":95,"column":1}},"line":21},"1":{"name":"(anonymous_1)","decl":{"start":{"line":26,"column":21},"end":{"line":26,"column":22}},"loc":{"start":{"line":26,"column":51},"end":{"line":39,"column":3}},"line":26},"2":{"name":"(anonymous_2)","decl":{"start":{"line":87,"column":46},"end":{"line":87,"column":47}},"loc":{"start":{"line":87,"column":52},"end":{"line":87,"column":69}},"line":87}},"branchMap":{"0":{"loc":{"start":{"line":60,"column":28},"end":{"line":60,"column":91}},"type":"cond-expr","locations":[{"start":{"line":60,"column":72},"end":{"line":60,"column":79}},{"start":{"line":60,"column":82},"end":{"line":60,"column":91}}],"line":60},"1":{"loc":{"start":{"line":60,"column":28},"end":{"line":60,"column":69}},"type":"binary-expr","locations":[{"start":{"line":60,"column":28},"end":{"line":60,"column":47}},{"start":{"line":60,"column":51},"end":{"line":60,"column":69}}],"line":60},"2":{"loc":{"start":{"line":61,"column":18},"end":{"line":61,"column":85}},"type":"cond-expr","locations":[{"start":{"line":61,"column":62},"end":{"line":61,"column":80}},{"start":{"line":61,"column":83},"end":{"line":61,"column":85}}],"line":61},"3":{"loc":{"start":{"line":61,"column":18},"end":{"line":61,"column":59}},"type":"binary-expr","locations":[{"start":{"line":61,"column":18},"end":{"line":61,"column":37}},{"start":{"line":61,"column":41},"end":{"line":61,"column":59}}],"line":61},"4":{"loc":{"start":{"line":67,"column":22},"end":{"line":67,"column":51}},"type":"binary-expr","locations":[{"start":{"line":67,"column":22},"end":{"line":67,"column":40}},{"start":{"line":67,"column":44},"end":{"line":67,"column":51}}],"line":67},"5":{"loc":{"start":{"line":71,"column":28},"end":{"line":71,"column":91}},"type":"cond-expr","locations":[{"start":{"line":71,"column":72},"end":{"line":71,"column":79}},{"start":{"line":71,"column":82},"end":{"line":71,"column":91}}],"line":71},"6":{"loc":{"start":{"line":71,"column":28},"end":{"line":71,"column":69}},"type":"binary-expr","locations":[{"start":{"line":71,"column":28},"end":{"line":71,"column":47}},{"start":{"line":71,"column":51},"end":{"line":71,"column":69}}],"line":71},"7":{"loc":{"start":{"line":72,"column":18},"end":{"line":72,"column":100}},"type":"cond-expr","locations":[{"start":{"line":72,"column":72},"end":{"line":72,"column":95}},{"start":{"line":72,"column":98},"end":{"line":72,"column":100}}],"line":72},"8":{"loc":{"start":{"line":72,"column":18},"end":{"line":72,"column":69}},"type":"binary-expr","locations":[{"start":{"line":72,"column":18},"end":{"line":72,"column":42}},{"start":{"line":72,"column":46},"end":{"line":72,"column":69}}],"line":72}},"s":{"0":1,"1":1,"2":7,"3":6,"4":6,"5":6,"6":6,"7":0,"8":0,"9":0,"10":0,"11":6,"12":6,"13":6,"14":0},"f":{"0":7,"1":0,"2":0},"b":{"0":[0,6],"1":[6,0],"2":[0,6],"3":[6,0],"4":[6,0],"5":[0,6],"6":[6,0],"7":[0,6],"8":[6,0]},"_coverageSchema":"1a1c01bbd47fc00a2c39e90264f33305004495a9","hash":"13f4e79d5620fb2221b222a4279d7e52cf77f53f"}
,"D:\\RevoU-Barcelona 2023\\Week_14\\week-14-Kartikancil96\\src\\Pages\\Home\\index.tsx": {"path":"D:\\RevoU-Barcelona 2023\\Week_14\\week-14-Kartikancil96\\src\\Pages\\Home\\index.tsx","statementMap":{"0":{"start":{"line":22,"column":23},"end":{"line":105,"column":1}},"1":{"start":{"line":23,"column":36},"end":{"line":23,"column":60}},"2":{"start":{"line":24,"column":21},"end":{"line":24,"column":34}},"3":{"start":{"line":25,"column":24},"end":{"line":25,"column":53}},"4":{"start":{"line":26,"column":4},"end":{"line":26,"column":30}},"5":{"start":{"line":27,"column":24},"end":{"line":50,"column":5}},"6":{"start":{"line":29,"column":12},"end":{"line":45,"column":13}},"7":{"start":{"line":31,"column":32},"end":{"line":31,"column":45}},"8":{"start":{"line":32,"column":16},"end":{"line":32,"column":73}},"9":{"start":{"line":35,"column":33},"end":{"line":38,"column":18}},"10":{"start":{"line":40,"column":29},"end":{"line":40,"column":50}},"11":{"start":{"line":41,"column":16},"end":{"line":41,"column":38}},"12":{"start":{"line":42,"column":16},"end":{"line":42,"column":39}},"13":{"start":{"line":44,"column":16},"end":{"line":44,"column":35}},"14":{"start":{"line":52,"column":4},"end":{"line":54,"column":22}},"15":{"start":{"line":53,"column":8},"end":{"line":53,"column":21}},"16":{"start":{"line":56,"column":27},"end":{"line":67,"column":5}},"17":{"start":{"line":57,"column":8},"end":{"line":57,"column":23}},"18":{"start":{"line":58,"column":25},"end":{"line":61,"column":10}},"19":{"start":{"line":63,"column":8},"end":{"line":66,"column":9}},"20":{"start":{"line":64,"column":12},"end":{"line":64,"column":49}},"21":{"start":{"line":65,"column":12},"end":{"line":65,"column":23}},"22":{"start":{"line":68,"column":43},"end":{"line":97,"column":5}},"23":{"start":{"line":84,"column":16},"end":{"line":84,"column":63}},"24":{"start":{"line":91,"column":16},"end":{"line":94,"column":24}},"25":{"start":{"line":92,"column":58},"end":{"line":92,"column":86}},"26":{"start":{"line":93,"column":50},"end":{"line":93,"column":73}},"27":{"start":{"line":99,"column":4},"end":{"line":104,"column":5}}},"fnMap":{"0":{"name":"(anonymous_0)","decl":{"start":{"line":22,"column":23},"end":{"line":22,"column":24}},"loc":{"start":{"line":22,"column":29},"end":{"line":105,"column":1}},"line":22},"1":{"name":"(anonymous_1)","decl":{"start":{"line":28,"column":8},"end":{"line":28,"column":9}},"loc":{"start":{"line":28,"column":20},"end":{"line":46,"column":9}},"line":28},"2":{"name":"(anonymous_2)","decl":{"start":{"line":52,"column":14},"end":{"line":52,"column":15}},"loc":{"start":{"line":52,"column":20},"end":{"line":54,"column":5}},"line":52},"3":{"name":"(anonymous_3)","decl":{"start":{"line":56,"column":27},"end":{"line":56,"column":28}},"loc":{"start":{"line":56,"column":49},"end":{"line":67,"column":5}},"line":56},"4":{"name":"(anonymous_4)","decl":{"start":{"line":83,"column":20},"end":{"line":83,"column":21}},"loc":{"start":{"line":84,"column":16},"end":{"line":84,"column":63}},"line":84},"5":{"name":"(anonymous_5)","decl":{"start":{"line":90,"column":20},"end":{"line":90,"column":21}},"loc":{"start":{"line":91,"column":16},"end":{"line":94,"column":24}},"line":91},"6":{"name":"(anonymous_6)","decl":{"start":{"line":92,"column":52},"end":{"line":92,"column":53}},"loc":{"start":{"line":92,"column":58},"end":{"line":92,"column":86}},"line":92},"7":{"name":"(anonymous_7)","decl":{"start":{"line":93,"column":44},"end":{"line":93,"column":45}},"loc":{"start":{"line":93,"column":50},"end":{"line":93,"column":73}},"line":93}},"branchMap":{"0":{"loc":{"start":{"line":63,"column":8},"end":{"line":66,"column":9}},"type":"if","locations":[{"start":{"line":63,"column":8},"end":{"line":66,"column":9}},{"start":{},"end":{}}],"line":63},"1":{"loc":{"start":{"line":84,"column":23},"end":{"line":84,"column":55}},"type":"cond-expr","locations":[{"start":{"line":84,"column":34},"end":{"line":84,"column":42}},{"start":{"line":84,"column":45},"end":{"line":84,"column":55}}],"line":84}},"s":{"0":1,"1":2,"2":2,"3":2,"4":2,"5":2,"6":1,"7":1,"8":1,"9":1,"10":0,"11":0,"12":0,"13":1,"14":2,"15":1,"16":2,"17":0,"18":0,"19":0,"20":0,"21":0,"22":2,"23":0,"24":0,"25":0,"26":0,"27":2},"f":{"0":2,"1":1,"2":1,"3":0,"4":0,"5":0,"6":0,"7":0},"b":{"0":[0,0],"1":[0,0]},"_coverageSchema":"1a1c01bbd47fc00a2c39e90264f33305004495a9","hash":"89596683cd8e7aec14b59e7ad904572c3679932c"}
,"D:\\RevoU-Barcelona 2023\\Week_14\\week-14-Kartikancil96\\src\\Pages\\Login\\index.tsx": {"path":"D:\\RevoU-Barcelona 2023\\Week_14\\week-14-Kartikancil96\\src\\Pages\\Login\\index.tsx","statementMap":{"0":{"start":{"line":15,"column":20},"end":{"line":18,"column":2}},"1":{"start":{"line":21,"column":24},"end":{"line":88,"column":1}},"2":{"start":{"line":22,"column":21},"end":{"line":22,"column":34}},"3":{"start":{"line":23,"column":24},"end":{"line":38,"column":5}},"4":{"start":{"line":24,"column":8},"end":{"line":24,"column":27}},"5":{"start":{"line":25,"column":25},"end":{"line":29,"column":10}},"6":{"start":{"line":30,"column":25},"end":{"line":30,"column":46}},"7":{"start":{"line":31,"column":8},"end":{"line":31,"column":29}},"8":{"start":{"line":32,"column":8},"end":{"line":36,"column":9}},"9":{"start":{"line":33,"column":12},"end":{"line":33,"column":62}},"10":{"start":{"line":34,"column":12},"end":{"line":34,"column":29}},"11":{"start":{"line":40,"column":4},"end":{"line":87,"column":5}}},"fnMap":{"0":{"name":"(anonymous_0)","decl":{"start":{"line":21,"column":24},"end":{"line":21,"column":25}},"loc":{"start":{"line":21,"column":30},"end":{"line":88,"column":1}},"line":21},"1":{"name":"(anonymous_1)","decl":{"start":{"line":23,"column":24},"end":{"line":23,"column":25}},"loc":{"start":{"line":23,"column":59},"end":{"line":38,"column":5}},"line":23}},"branchMap":{"0":{"loc":{"start":{"line":32,"column":8},"end":{"line":36,"column":9}},"type":"if","locations":[{"start":{"line":32,"column":8},"end":{"line":36,"column":9}},{"start":{},"end":{}}],"line":32}},"s":{"0":1,"1":1,"2":5,"3":5,"4":0,"5":0,"6":0,"7":0,"8":0,"9":0,"10":0,"11":5},"f":{"0":5,"1":0},"b":{"0":[0,0]},"_coverageSchema":"1a1c01bbd47fc00a2c39e90264f33305004495a9","hash":"6d1e20f440f4df8e6d02b06cd155439d2601dde3"}
,"D:\\RevoU-Barcelona 2023\\Week_14\\week-14-Kartikancil96\\src\\Pages\\Register\\index.tsx": {"path":"D:\\RevoU-Barcelona 2023\\Week_14\\week-14-Kartikancil96\\src\\Pages\\Register\\index.tsx","statementMap":{"0":{"start":{"line":14,"column":20},"end":{"line":18,"column":2}},"1":{"start":{"line":20,"column":27},"end":{"line":94,"column":1}},"2":{"start":{"line":21,"column":21},"end":{"line":21,"column":34}},"3":{"start":{"line":22,"column":24},"end":{"line":35,"column":5}},"4":{"start":{"line":23,"column":8},"end":{"line":23,"column":27}},"5":{"start":{"line":24,"column":25},"end":{"line":28,"column":10}},"6":{"start":{"line":29,"column":25},"end":{"line":29,"column":46}},"7":{"start":{"line":30,"column":8},"end":{"line":30,"column":29}},"8":{"start":{"line":31,"column":8},"end":{"line":34,"column":9}},"9":{"start":{"line":32,"column":12},"end":{"line":32,"column":62}},"10":{"start":{"line":33,"column":12},"end":{"line":33,"column":25}},"11":{"start":{"line":37,"column":4},"end":{"line":93,"column":5}},"12":{"start":{"line":86,"column":50},"end":{"line":86,"column":64}}},"fnMap":{"0":{"name":"(anonymous_0)","decl":{"start":{"line":20,"column":27},"end":{"line":20,"column":28}},"loc":{"start":{"line":20,"column":33},"end":{"line":94,"column":1}},"line":20},"1":{"name":"(anonymous_1)","decl":{"start":{"line":22,"column":24},"end":{"line":22,"column":25}},"loc":{"start":{"line":22,"column":59},"end":{"line":35,"column":5}},"line":22},"2":{"name":"(anonymous_2)","decl":{"start":{"line":86,"column":45},"end":{"line":86,"column":46}},"loc":{"start":{"line":86,"column":50},"end":{"line":86,"column":64}},"line":86}},"branchMap":{"0":{"loc":{"start":{"line":31,"column":8},"end":{"line":34,"column":9}},"type":"if","locations":[{"start":{"line":31,"column":8},"end":{"line":34,"column":9}},{"start":{},"end":{}}],"line":31}},"s":{"0":1,"1":1,"2":4,"3":4,"4":0,"5":0,"6":0,"7":0,"8":0,"9":0,"10":0,"11":4,"12":0},"f":{"0":4,"1":0,"2":0},"b":{"0":[0,0]},"_coverageSchema":"1a1c01bbd47fc00a2c39e90264f33305004495a9","hash":"d69029d3f7386b17e588c37e45de1e4a915666d7"}
,"D:\\RevoU-Barcelona 2023\\Week_14\\week-14-Kartikancil96\\src\\components\\index.ts": {"path":"D:\\RevoU-Barcelona 2023\\Week_14\\week-14-Kartikancil96\\src\\components\\index.ts","statementMap":{},"fnMap":{},"branchMap":{},"s":{},"f":{},"b":{},"_coverageSchema":"1a1c01bbd47fc00a2c39e90264f33305004495a9","hash":"af30fbd90c2803522075163911c207c9a385b6f6"}
,"D:\\RevoU-Barcelona 2023\\Week_14\\week-14-Kartikancil96\\src\\components\\Card\\index.tsx": {"path":"D:\\RevoU-Barcelona 2023\\Week_14\\week-14-Kartikancil96\\src\\components\\Card\\index.tsx","statementMap":{"0":{"start":{"line":9,"column":13},"end":{"line":16,"column":1}},"1":{"start":{"line":11,"column":4},"end":{"line":15,"column":5}}},"fnMap":{"0":{"name":"(anonymous_0)","decl":{"start":{"line":9,"column":13},"end":{"line":9,"column":14}},"loc":{"start":{"line":9,"column":45},"end":{"line":16,"column":1}},"line":9}},"branchMap":{},"s":{"0":6,"1":16},"f":{"0":16},"b":{},"_coverageSchema":"1a1c01bbd47fc00a2c39e90264f33305004495a9","hash":"dc30e0e5b9f26fbaf444a5568ebfa4b379007b7e"}
,"D:\\RevoU-Barcelona 2023\\Week_14\\week-14-Kartikancil96\\src\\components\\Text\\index.tsx": {"path":"D:\\RevoU-Barcelona 2023\\Week_14\\week-14-Kartikancil96\\src\\components\\Text\\index.tsx","statementMap":{"0":{"start":{"line":9,"column":13},"end":{"line":44,"column":1}},"1":{"start":{"line":11,"column":4},"end":{"line":15,"column":5}},"2":{"start":{"line":12,"column":8},"end":{"line":14,"column":9}},"3":{"start":{"line":17,"column":4},"end":{"line":21,"column":5}},"4":{"start":{"line":18,"column":8},"end":{"line":20,"column":9}},"5":{"start":{"line":23,"column":4},"end":{"line":27,"column":5}},"6":{"start":{"line":24,"column":8},"end":{"line":26,"column":9}},"7":{"start":{"line":29,"column":4},"end":{"line":33,"column":5}},"8":{"start":{"line":30,"column":8},"end":{"line":32,"column":9}},"9":{"start":{"line":35,"column":4},"end":{"line":39,"column":5}},"10":{"start":{"line":36,"column":8},"end":{"line":38,"column":9}},"11":{"start":{"line":41,"column":4},"end":{"line":43,"column":5}}},"fnMap":{"0":{"name":"(anonymous_0)","decl":{"start":{"line":9,"column":13},"end":{"line":9,"column":14}},"loc":{"start":{"line":9,"column":50},"end":{"line":44,"column":1}},"line":9}},"branchMap":{"0":{"loc":{"start":{"line":9,"column":26},"end":{"line":9,"column":36}},"type":"default-arg","locations":[{"start":{"line":9,"column":33},"end":{"line":9,"column":36}}],"line":9},"1":{"loc":{"start":{"line":11,"column":4},"end":{"line":15,"column":5}},"type":"if","locations":[{"start":{"line":11,"column":4},"end":{"line":15,"column":5}},{"start":{},"end":{}}],"line":11},"2":{"loc":{"start":{"line":17,"column":4},"end":{"line":21,"column":5}},"type":"if","locations":[{"start":{"line":17,"column":4},"end":{"line":21,"column":5}},{"start":{},"end":{}}],"line":17},"3":{"loc":{"start":{"line":23,"column":4},"end":{"line":27,"column":5}},"type":"if","locations":[{"start":{"line":23,"column":4},"end":{"line":27,"column":5}},{"start":{},"end":{}}],"line":23},"4":{"loc":{"start":{"line":29,"column":4},"end":{"line":33,"column":5}},"type":"if","locations":[{"start":{"line":29,"column":4},"end":{"line":33,"column":5}},{"start":{},"end":{}}],"line":29},"5":{"loc":{"start":{"line":35,"column":4},"end":{"line":39,"column":5}},"type":"if","locations":[{"start":{"line":35,"column":4},"end":{"line":39,"column":5}},{"start":{},"end":{}}],"line":35}},"s":{"0":6,"1":50,"2":6,"3":44,"4":3,"5":41,"6":1,"7":40,"8":6,"9":34,"10":1,"11":33},"f":{"0":50},"b":{"0":[13],"1":[6,44],"2":[3,41],"3":[1,40],"4":[6,34],"5":[1,33]},"_coverageSchema":"1a1c01bbd47fc00a2c39e90264f33305004495a9","hash":"cebc20c3059f6cd91fafd64a4a3c3e487f2c7d8c"}
}
