TN:
SF:src\Hooks\UseCheckLogin.ts
FN:4,(anonymous_0)
FN:7,(anonymous_1)
FN:13,(anonymous_2)
FNF:3
FNH:3
FNDA:10,(anonymous_0)
FNDA:9,(anonymous_1)
FNDA:9,(anonymous_2)
DA:4,4
DA:5,10
DA:7,10
DA:8,9
DA:9,7
DA:13,10
DA:14,9
LF:7
LH:7
BRDA:8,0,0,7
BRDA:8,0,1,2
BRF:2
BRH:2
end_of_record
TN:
SF:src\Hooks\index.ts
FNF:0
FNH:0
LF:0
LH:0
BRF:0
BRH:0
end_of_record
TN:
SF:src\Layout\Footer\index.tsx
FN:7,(anonymous_0)
FNF:1
FNH:1
FNDA:1,(anonymous_0)
DA:5,1
DA:7,1
DA:8,1
LF:3
LH:3
BRF:0
BRH:0
end_of_record
TN:
SF:src\Layout\Navbar\index.tsx
FN:8,(anonymous_0)
FN:11,(anonymous_1)
FN:16,(anonymous_2)
FN:24,(anonymous_3)
FN:33,(anonymous_4)
FNF:5
FNH:3
FNDA:4,(anonymous_0)
FNDA:1,(anonymous_1)
FNDA:1,(anonymous_2)
FNDA:0,(anonymous_3)
FNDA:0,(anonymous_4)
DA:8,1
DA:9,4
DA:10,3
DA:11,3
DA:12,1
DA:13,1
DA:16,3
DA:17,1
DA:18,1
DA:21,3
DA:24,0
DA:33,0
DA:50,3
LF:13
LH:11
BRF:0
BRH:0
end_of_record
TN:
SF:src\Pages\Addtable\index.tsx
FN:23,(anonymous_0)
FN:27,(anonymous_1)
FN:91,(anonymous_2)
FNF:3
FNH:1
FNDA:9,(anonymous_0)
FNDA:0,(anonymous_1)
FNDA:0,(anonymous_2)
DA:18,1
DA:23,1
DA:24,9
DA:25,0
DA:26,0
DA:27,0
DA:28,0
DA:29,0
DA:37,0
DA:38,0
DA:39,0
DA:41,0
DA:44,0
DA:48,0
DA:54,0
DA:91,0
LF:16
LH:3
BRDA:39,0,0,0
BRDA:39,0,1,0
BRDA:63,1,0,0
BRDA:63,1,1,0
BRDA:63,2,0,0
BRDA:63,2,1,0
BRDA:64,3,0,0
BRDA:64,3,1,0
BRDA:64,4,0,0
BRDA:64,4,1,0
BRDA:70,5,0,0
BRDA:70,5,1,0
BRDA:74,6,0,0
BRDA:74,6,1,0
BRDA:74,7,0,0
BRDA:74,7,1,0
BRDA:75,8,0,0
BRDA:75,8,1,0
BRDA:75,9,0,0
BRDA:75,9,1,0
BRF:20
BRH:0
end_of_record
TN:
SF:src\Pages\Edittable\index.tsx
FN:21,(anonymous_0)
FN:26,(anonymous_1)
FN:87,(anonymous_2)
FNF:3
FNH:1
FNDA:7,(anonymous_0)
FNDA:0,(anonymous_1)
FNDA:0,(anonymous_2)
DA:16,1
DA:21,1
DA:22,7
DA:23,6
DA:24,6
DA:25,6
DA:26,6
DA:27,0
DA:28,0
DA:36,0
DA:37,0
DA:40,6
DA:45,6
DA:51,6
DA:87,0
LF:15
LH:10
BRDA:60,0,0,0
BRDA:60,0,1,6
BRDA:60,1,0,6
BRDA:60,1,1,0
BRDA:61,2,0,0
BRDA:61,2,1,6
BRDA:61,3,0,6
BRDA:61,3,1,0
BRDA:67,4,0,6
BRDA:67,4,1,0
BRDA:71,5,0,0
BRDA:71,5,1,6
BRDA:71,6,0,6
BRDA:71,6,1,0
BRDA:72,7,0,0
BRDA:72,7,1,6
BRDA:72,8,0,6
BRDA:72,8,1,0
BRF:18
BRH:9
end_of_record
TN:
SF:src\Pages\Home\index.tsx
FN:22,(anonymous_0)
FN:28,(anonymous_1)
FN:52,(anonymous_2)
FN:56,(anonymous_3)
FN:83,(anonymous_4)
FN:90,(anonymous_5)
FN:92,(anonymous_6)
FN:93,(anonymous_7)
FNF:8
FNH:3
FNDA:2,(anonymous_0)
FNDA:1,(anonymous_1)
FNDA:1,(anonymous_2)
FNDA:0,(anonymous_3)
FNDA:0,(anonymous_4)
FNDA:0,(anonymous_5)
FNDA:0,(anonymous_6)
FNDA:0,(anonymous_7)
DA:22,1
DA:23,2
DA:24,2
DA:25,2
DA:26,2
DA:27,2
DA:29,1
DA:31,1
DA:32,1
DA:35,1
DA:40,0
DA:41,0
DA:42,0
DA:44,1
DA:52,2
DA:53,1
DA:56,2
DA:57,0
DA:58,0
DA:63,0
DA:64,0
DA:65,0
DA:68,2
DA:84,0
DA:91,0
DA:92,0
DA:93,0
DA:99,2
LF:28
LH:16
BRDA:63,0,0,0
BRDA:63,0,1,0
BRDA:84,1,0,0
BRDA:84,1,1,0
BRF:4
BRH:0
end_of_record
TN:
SF:src\Pages\Login\index.tsx
FN:21,(anonymous_0)
FN:23,(anonymous_1)
FNF:2
FNH:1
FNDA:5,(anonymous_0)
FNDA:0,(anonymous_1)
DA:15,1
DA:21,1
DA:22,5
DA:23,5
DA:24,0
DA:25,0
DA:30,0
DA:31,0
DA:32,0
DA:33,0
DA:34,0
DA:40,5
LF:12
LH:5
BRDA:32,0,0,0
BRDA:32,0,1,0
BRF:2
BRH:0
end_of_record
TN:
SF:src\Pages\Register\index.tsx
FN:20,(anonymous_0)
FN:22,(anonymous_1)
FN:86,(anonymous_2)
FNF:3
FNH:1
FNDA:4,(anonymous_0)
FNDA:0,(anonymous_1)
FNDA:0,(anonymous_2)
DA:14,1
DA:20,1
DA:21,4
DA:22,4
DA:23,0
DA:24,0
DA:29,0
DA:30,0
DA:31,0
DA:32,0
DA:33,0
DA:37,4
DA:86,0
LF:13
LH:5
BRDA:31,0,0,0
BRDA:31,0,1,0
BRF:2
BRH:0
end_of_record
TN:
SF:src\components\index.ts
FNF:0
FNH:0
LF:0
LH:0
BRF:0
BRH:0
end_of_record
TN:
SF:src\components\Card\index.tsx
FN:9,(anonymous_0)
FNF:1
FNH:1
FNDA:16,(anonymous_0)
DA:9,6
DA:11,16
LF:2
LH:2
BRF:0
BRH:0
end_of_record
TN:
SF:src\components\Text\index.tsx
FN:9,(anonymous_0)
FNF:1
FNH:1
FNDA:50,(anonymous_0)
DA:9,6
DA:11,50
DA:12,6
DA:17,44
DA:18,3
DA:23,41
DA:24,1
DA:29,40
DA:30,6
DA:35,34
DA:36,1
DA:41,33
LF:12
LH:12
BRDA:9,0,0,13
BRDA:11,1,0,6
BRDA:11,1,1,44
BRDA:17,2,0,3
BRDA:17,2,1,41
BRDA:23,3,0,1
BRDA:23,3,1,40
BRDA:29,4,0,6
BRDA:29,4,1,34
BRDA:35,5,0,1
BRDA:35,5,1,33
BRF:11
BRH:11
end_of_record
